
Showing logs for build [32mcb-kubecd-environment-pr-197-5-4qtc2-1[0m stage [32mfrom-build-pack[0m and container [32mstep-credential-initializer-9b9x4[0m
{"level":"warn","ts":1586286575.6810117,"logger":"fallback-logger","caller":"logging/config.go:69","msg":"Fetch GitHub commit ID from kodata failed: \"ref: refs/heads/0.8.0-**-support-backwards-incompats\" is not a valid GitHub commit ID"}
{"level":"info","ts":1586286575.6843338,"logger":"fallback-logger","caller":"creds-init/main.go:40","msg":"Credentials initialized."}

Showing logs for build [32mcb-kubecd-environment-pr-197-5-4qtc2-1[0m stage [32mfrom-build-pack[0m and container [32mstep-working-dir-initializer-nx6g4[0m
{"level":"warn","ts":1586286576.6935134,"logger":"fallback-logger","caller":"logging/config.go:69","msg":"Fetch GitHub commit ID from kodata failed: open /var/run/ko/HEAD: no such file or directory"}
{"level":"info","ts":1586286576.6951256,"logger":"fallback-logger","caller":"bash/main.go:64","msg":"Successfully executed command \"sh -c mkdir -p /workspace/source\"; output "}

Showing logs for build [32mcb-kubecd-environment-pr-197-5-4qtc2-1[0m stage [32mfrom-build-pack[0m and container [32mstep-place-tools[0m

Showing logs for build [32mcb-kubecd-environment-pr-197-5-4qtc2-1[0m stage [32mfrom-build-pack[0m and container [32mstep-git-source-cb-kubecd-environment-pr-197-5-4qtc2-z7prl[0m
{"level":"warn","ts":1586286581.9655535,"logger":"fallback-logger","caller":"logging/config.go:69","msg":"Fetch GitHub commit ID from kodata failed: \"ref: refs/heads/0.8.0-**-support-backwards-incompats\" is not a valid GitHub commit ID"}
{"level":"info","ts":1586286583.1524181,"logger":"fallback-logger","caller":"git/git.go:103","msg":"Successfully cloned https://github.com/cb-kubecd/environment-pr-197-5-boot-gke-staging.git @ master in path /workspace/source"}

Showing logs for build [32mcb-kubecd-environment-pr-197-5-4qtc2-1[0m stage [32mfrom-build-pack[0m and container [32mstep-git-merge[0m
Using SHAs from PULL_REFS=master:9d4afc2e6796d4e356a698933832c09b8d9a5e0b,4:f9f4ced308e7210b0ce4ffd04fc1035b225419be
DEBUG: LC_ALL=C JX_LOG_LEVEL=error git fetch origin --unshallow f9f4ced308e7210b0ce4ffd04fc1035b225419be: 9d4afc2e6796d4e356a698933832c09b8d9a5e0b:
DEBUG: ran git fetch --unshallow origin f9f4ced308e7210b0ce4ffd04fc1035b225419be: 9d4afc2e6796d4e356a698933832c09b8d9a5e0b: in 
DEBUG: LC_ALL=C JX_LOG_LEVEL=error git branch
DEBUG: LC_ALL=C JX_LOG_LEVEL=error git checkout master
DEBUG: ran git checkout master in 
DEBUG: JX_LOG_LEVEL=error LC_ALL=C git reset --hard 9d4afc2e6796d4e356a698933832c09b8d9a5e0b
DEBUG: ran git reset --hard 9d4afc2e6796d4e356a698933832c09b8d9a5e0b in 
DEBUG: LC_ALL=C JX_LOG_LEVEL=error git clean -fd .
DEBUG: ran clean --force -d . in 
DEBUG: LC_ALL=C JX_LOG_LEVEL=error git merge f9f4ced308e7210b0ce4ffd04fc1035b225419be
DEBUG: ran git merge f9f4ced308e7210b0ce4ffd04fc1035b225419be in 
DEBUG: LC_ALL=C JX_LOG_LEVEL=error git log --format=%H%x1f%an%x1f%ae%x1f%cn%x1f%ce%x1f%s%n%b%x1e 9d4afc2e6796d4e356a698933832c09b8d9a5e0b..HEAD
Merged SHA f9f4ced308e7210b0ce4ffd04fc1035b225419be with commit message 'chore: Promote bdd-sbhg-1586284863 to version 0.0.1' into base branch master

Showing logs for build [32mcb-kubecd-environment-pr-197-5-4qtc2-1[0m stage [32mfrom-build-pack[0m and container [32mstep-build-helm-build[0m
WARNING: No $CHART_REPOSITORY defined so using the default value of: http://jenkins-x-chartmuseum:8080
Adding missing Helm repo: storage.googleapis.com https://storage.googleapis.com/chartmuseum.jenkins-x.io
WARNING: No secrets found on "helm/repos" due: reading the secret "helm/repos" from vault: no secret "helm/repos" not found in vault
Read credentials for https://storage.googleapis.com/chartmuseum.jenkins-x.io from vault helm/repos
Successfully added Helm repository storage.googleapis.com.
Adding missing Helm repo: jenkins-x-chartmuseum http://jenkins-x-chartmuseum:8080
WARNING: No secrets found on "helm/repos" due: reading the secret "helm/repos" from vault: no secret "helm/repos" not found in vault
Read credentials for http://jenkins-x-chartmuseum:8080 from vault helm/repos
Successfully added Helm repository jenkins-x-chartmuseum.
WARNING: No $CHART_REPOSITORY defined so using the default value of: http://jenkins-x-chartmuseum:8080
Adding missing Helm repo: chartmuseum.jenkins-x.io http://chartmuseum.jenkins-x.io
WARNING: No secrets found on "helm/repos" due: reading the secret "helm/repos" from vault: no secret "helm/repos" not found in vault
Read credentials for http://chartmuseum.jenkins-x.io from vault helm/repos
Successfully added Helm repository chartmuseum.jenkins-x.io.
