
Showing logs for build [32mcb-kubecd-environment-pr-197-5-c62sz-2[0m stage [32mfrom-build-pack[0m and container [32mstep-credential-initializer-bnkxc[0m
{"level":"warn","ts":1586285863.9444408,"logger":"fallback-logger","caller":"logging/config.go:69","msg":"Fetch GitHub commit ID from kodata failed: \"ref: refs/heads/0.8.0-**-support-backwards-incompats\" is not a valid GitHub commit ID"}
{"level":"info","ts":1586285863.9452379,"logger":"fallback-logger","caller":"creds-init/main.go:40","msg":"Credentials initialized."}

Showing logs for build [32mcb-kubecd-environment-pr-197-5-c62sz-2[0m stage [32mfrom-build-pack[0m and container [32mstep-working-dir-initializer-d26gw[0m
{"level":"warn","ts":1586285864.751795,"logger":"fallback-logger","caller":"logging/config.go:69","msg":"Fetch GitHub commit ID from kodata failed: open /var/run/ko/HEAD: no such file or directory"}
{"level":"info","ts":1586285864.753341,"logger":"fallback-logger","caller":"bash/main.go:64","msg":"Successfully executed command \"sh -c mkdir -p /workspace/source\"; output "}

Showing logs for build [32mcb-kubecd-environment-pr-197-5-c62sz-2[0m stage [32mfrom-build-pack[0m and container [32mstep-place-tools[0m

Showing logs for build [32mcb-kubecd-environment-pr-197-5-c62sz-2[0m stage [32mfrom-build-pack[0m and container [32mstep-git-source-cb-kubecd-environment-pr-197-5-c62sz-btqhn[0m
{"level":"warn","ts":1586285871.1186101,"logger":"fallback-logger","caller":"logging/config.go:69","msg":"Fetch GitHub commit ID from kodata failed: \"ref: refs/heads/0.8.0-**-support-backwards-incompats\" is not a valid GitHub commit ID"}
{"level":"info","ts":1586285872.1551688,"logger":"fallback-logger","caller":"git/git.go:103","msg":"Successfully cloned https://github.com/cb-kubecd/environment-pr-197-5-boot-gke-staging.git @ master in path /workspace/source"}

Showing logs for build [32mcb-kubecd-environment-pr-197-5-c62sz-2[0m stage [32mfrom-build-pack[0m and container [32mstep-git-merge[0m
Using SHAs from PULL_REFS=master:eed58f357d8dba5ccaed588bd8652fbdc37657e1,3:78c6deefd5567485f1259b94c99ea8ed9c706016
DEBUG: LC_ALL=C JX_LOG_LEVEL=error git fetch origin --unshallow 78c6deefd5567485f1259b94c99ea8ed9c706016: eed58f357d8dba5ccaed588bd8652fbdc37657e1:
DEBUG: ran git fetch --unshallow origin 78c6deefd5567485f1259b94c99ea8ed9c706016: eed58f357d8dba5ccaed588bd8652fbdc37657e1: in 
DEBUG: LC_ALL=C JX_LOG_LEVEL=error git branch
DEBUG: LC_ALL=C JX_LOG_LEVEL=error git checkout master
DEBUG: ran git checkout master in 
DEBUG: LC_ALL=C JX_LOG_LEVEL=error git reset --hard eed58f357d8dba5ccaed588bd8652fbdc37657e1
DEBUG: ran git reset --hard eed58f357d8dba5ccaed588bd8652fbdc37657e1 in 
DEBUG: LC_ALL=C JX_LOG_LEVEL=error git clean -fd .
DEBUG: ran clean --force -d . in 
DEBUG: LC_ALL=C JX_LOG_LEVEL=error git merge 78c6deefd5567485f1259b94c99ea8ed9c706016
DEBUG: ran git merge 78c6deefd5567485f1259b94c99ea8ed9c706016 in 
DEBUG: LC_ALL=C JX_LOG_LEVEL=error git log --format=%H%x1f%an%x1f%ae%x1f%cn%x1f%ce%x1f%s%n%b%x1e eed58f357d8dba5ccaed588bd8652fbdc37657e1..HEAD
Merged SHA 78c6deefd5567485f1259b94c99ea8ed9c706016 with commit message 'chore: Promote bdd-nh-1586284863 to version 0.0.1' into base branch master

Showing logs for build [32mcb-kubecd-environment-pr-197-5-c62sz-2[0m stage [32mfrom-build-pack[0m and container [32mstep-build-helm-build[0m
WARNING: No $CHART_REPOSITORY defined so using the default value of: http://jenkins-x-chartmuseum:8080
Adding missing Helm repo: storage.googleapis.com https://storage.googleapis.com/chartmuseum.jenkins-x.io
WARNING: No secrets found on "helm/repos" due: reading the secret "helm/repos" from vault: no secret "helm/repos" not found in vault
Read credentials for https://storage.googleapis.com/chartmuseum.jenkins-x.io from vault helm/repos
Successfully added Helm repository storage.googleapis.com.
Adding missing Helm repo: jenkins-x-chartmuseum http://jenkins-x-chartmuseum:8080
WARNING: No secrets found on "helm/repos" due: reading the secret "helm/repos" from vault: no secret "helm/repos" not found in vault
Read credentials for http://jenkins-x-chartmuseum:8080 from vault helm/repos
Successfully added Helm repository jenkins-x-chartmuseum.
WARNING: No $CHART_REPOSITORY defined so using the default value of: http://jenkins-x-chartmuseum:8080
Adding missing Helm repo: chartmuseum.jenkins-x.io http://chartmuseum.jenkins-x.io
WARNING: No secrets found on "helm/repos" due: reading the secret "helm/repos" from vault: no secret "helm/repos" not found in vault
Read credentials for http://chartmuseum.jenkins-x.io from vault helm/repos
Successfully added Helm repository chartmuseum.jenkins-x.io.
